2025-04-15 10:48:11,228 - drone_simulator.drone - INFO [drone.py:16] - Initializing drone simulator with telemetry file: telemetry.json
2025-04-15 10:48:11,231 - drone_simulator.drone - INFO [drone.py:39] - Drone main - Updating telemetry with input: {'speed': 2, 'altitude': 0, 'movement': 'fwd'}
2025-04-15 10:48:11,336 - drone_simulator.drone - INFO [drone.py:39] - Drone main - Updating telemetry with input: {'speed': 2, 'altitude': 0, 'movement': 'fwd'}
2025-04-15 10:48:11,441 - drone_simulator.drone - INFO [drone.py:39] - Drone main - Updating telemetry with input: {'speed': 2, 'altitude': 0, 'movement': 'fwd'}
2025-04-15 10:48:11,545 - drone_simulator.drone - INFO [drone.py:39] - Drone main - Updating telemetry with input: {'speed': 2, 'altitude': 0, 'movement': 'fwd'}
2025-04-15 10:48:11,715 - drone_simulator.drone - INFO [drone.py:39] - Drone main - Updating telemetry with input: {'speed': 2, 'altitude': 0, 'movement': 'fwd'}
2025-04-15 10:48:11,819 - drone_simulator.drone - INFO [drone.py:39] - Drone main - Updating telemetry with input: {'speed': 2, 'altitude': 0, 'movement': 'fwd'}
2025-04-15 10:48:11,923 - drone_simulator.drone - INFO [drone.py:39] - Drone main - Updating telemetry with input: {'speed': 2, 'altitude': 0, 'movement': 'fwd'}
2025-04-15 10:48:12,028 - drone_simulator.drone - INFO [drone.py:39] - Drone main - Updating telemetry with input: {'speed': 2, 'altitude': 0, 'movement': 'fwd'}
2025-04-15 10:48:12,030 - drone_simulator.drone - WARNING [drone.py:89] - Drone main - WARNING: Sensor status changed to YELLOW. Current altitude: 0. Maximum safe altitude is 1000.
2025-04-15 10:48:12,134 - drone_simulator.drone - INFO [drone.py:39] - Drone main - Updating telemetry with input: {'speed': 2, 'altitude': 0, 'movement': 'fwd'}
2025-04-15 10:48:12,134 - drone_simulator.drone - WARNING [drone.py:80] - Drone main - CRITICAL: Sensor status changed to RED. Current altitude: 0. Must descend below altitude 3.
2025-04-15 10:48:12,242 - drone_simulator.drone - INFO [drone.py:39] - Drone main - Updating telemetry with input: {'speed': 2, 'altitude': 0, 'movement': 'fwd'}
2025-04-15 10:48:12,346 - drone_simulator.drone - INFO [drone.py:39] - Drone main - Updating telemetry with input: {'speed': 2, 'altitude': 0, 'movement': 'fwd'}
2025-04-15 10:48:12,457 - drone_simulator.drone - INFO [drone.py:39] - Drone main - Updating telemetry with input: {'speed': 2, 'altitude': 0, 'movement': 'fwd'}
2025-04-15 10:48:12,563 - drone_simulator.drone - INFO [drone.py:39] - Drone main - Updating telemetry with input: {'speed': 2, 'altitude': 0, 'movement': 'fwd'}
2025-04-15 10:48:12,669 - drone_simulator.drone - INFO [drone.py:39] - Drone main - Updating telemetry with input: {'speed': 2, 'altitude': 0, 'movement': 'fwd'}
2025-04-15 10:48:12,774 - drone_simulator.drone - INFO [drone.py:39] - Drone main - Updating telemetry with input: {'speed': 2, 'altitude': 0, 'movement': 'fwd'}
2025-04-15 10:48:12,882 - drone_simulator.drone - INFO [drone.py:39] - Drone main - Updating telemetry with input: {'speed': 2, 'altitude': 0, 'movement': 'fwd'}
2025-04-15 10:48:12,986 - drone_simulator.drone - INFO [drone.py:39] - Drone main - Updating telemetry with input: {'speed': 2, 'altitude': 0, 'movement': 'fwd'}
2025-04-15 10:48:13,094 - drone_simulator.drone - INFO [drone.py:39] - Drone main - Updating telemetry with input: {'speed': 2, 'altitude': 0, 'movement': 'fwd'}
2025-04-15 10:48:13,198 - drone_simulator.drone - INFO [drone.py:39] - Drone main - Updating telemetry with input: {'speed': 2, 'altitude': 0, 'movement': 'fwd'}
2025-04-15 10:48:13,304 - drone_simulator.drone - INFO [drone.py:39] - Drone main - Updating telemetry with input: {'speed': 2, 'altitude': 0, 'movement': 'fwd'}
2025-04-15 10:48:13,408 - drone_simulator.drone - INFO [drone.py:39] - Drone main - Updating telemetry with input: {'speed': 2, 'altitude': 0, 'movement': 'fwd'}
2025-04-15 10:48:13,515 - drone_simulator.drone - INFO [drone.py:39] - Drone main - Updating telemetry with input: {'speed': 2, 'altitude': 0, 'movement': 'fwd'}
2025-04-15 10:48:13,619 - drone_simulator.drone - INFO [drone.py:39] - Drone main - Updating telemetry with input: {'speed': 2, 'altitude': 0, 'movement': 'fwd'}
2025-04-15 10:48:13,725 - drone_simulator.drone - INFO [drone.py:39] - Drone main - Updating telemetry with input: {'speed': 2, 'altitude': 0, 'movement': 'fwd'}
2025-04-15 10:48:13,829 - drone_simulator.drone - INFO [drone.py:39] - Drone main - Updating telemetry with input: {'speed': 2, 'altitude': 0, 'movement': 'fwd'}
2025-04-15 10:48:13,934 - drone_simulator.drone - INFO [drone.py:39] - Drone main - Updating telemetry with input: {'speed': 2, 'altitude': 0, 'movement': 'fwd'}
2025-04-15 10:48:14,102 - drone_simulator.drone - INFO [drone.py:39] - Drone main - Updating telemetry with input: {'speed': 2, 'altitude': 0, 'movement': 'fwd'}
2025-04-15 10:48:14,208 - drone_simulator.drone - INFO [drone.py:39] - Drone main - Updating telemetry with input: {'speed': 2, 'altitude': 0, 'movement': 'fwd'}
2025-04-15 10:48:14,313 - drone_simulator.drone - INFO [drone.py:39] - Drone main - Updating telemetry with input: {'speed': 2, 'altitude': 0, 'movement': 'fwd'}
2025-04-15 10:48:14,418 - drone_simulator.drone - INFO [drone.py:39] - Drone main - Updating telemetry with input: {'speed': 2, 'altitude': 0, 'movement': 'fwd'}
2025-04-15 10:48:14,523 - drone_simulator.drone - INFO [drone.py:39] - Drone main - Updating telemetry with input: {'speed': 2, 'altitude': 0, 'movement': 'fwd'}
2025-04-15 10:48:14,628 - drone_simulator.drone - INFO [drone.py:39] - Drone main - Updating telemetry with input: {'speed': 2, 'altitude': 0, 'movement': 'fwd'}
2025-04-15 10:48:14,732 - drone_simulator.drone - INFO [drone.py:39] - Drone main - Updating telemetry with input: {'speed': 2, 'altitude': 0, 'movement': 'fwd'}
2025-04-15 10:48:14,837 - drone_simulator.drone - INFO [drone.py:39] - Drone main - Updating telemetry with input: {'speed': 2, 'altitude': 0, 'movement': 'fwd'}
2025-04-15 10:48:14,942 - drone_simulator.drone - INFO [drone.py:39] - Drone main - Updating telemetry with input: {'speed': 2, 'altitude': 0, 'movement': 'fwd'}
2025-04-15 10:48:15,046 - drone_simulator.drone - INFO [drone.py:39] - Drone main - Updating telemetry with input: {'speed': 2, 'altitude': 0, 'movement': 'fwd'}
2025-04-15 10:48:15,151 - drone_simulator.drone - INFO [drone.py:39] - Drone main - Updating telemetry with input: {'speed': 2, 'altitude': 0, 'movement': 'fwd'}
2025-04-15 10:48:15,255 - drone_simulator.drone - INFO [drone.py:39] - Drone main - Updating telemetry with input: {'speed': 2, 'altitude': 0, 'movement': 'fwd'}
2025-04-15 10:48:15,360 - drone_simulator.drone - INFO [drone.py:39] - Drone main - Updating telemetry with input: {'speed': 2, 'altitude': 0, 'movement': 'fwd'}
2025-04-15 10:48:15,463 - drone_simulator.drone - INFO [drone.py:39] - Drone main - Updating telemetry with input: {'speed': 2, 'altitude': 0, 'movement': 'fwd'}
2025-04-15 10:48:15,569 - drone_simulator.drone - INFO [drone.py:39] - Drone main - Updating telemetry with input: {'speed': 2, 'altitude': 0, 'movement': 'fwd'}
2025-04-15 10:48:15,675 - drone_simulator.drone - INFO [drone.py:39] - Drone main - Updating telemetry with input: {'speed': 2, 'altitude': 0, 'movement': 'fwd'}
2025-04-15 10:48:15,796 - drone_simulator.drone - INFO [drone.py:39] - Drone main - Updating telemetry with input: {'speed': 2, 'altitude': 0, 'movement': 'fwd'}
2025-04-15 10:48:15,901 - drone_simulator.drone - INFO [drone.py:39] - Drone main - Updating telemetry with input: {'speed': 2, 'altitude': 0, 'movement': 'fwd'}
2025-04-15 10:48:16,005 - drone_simulator.drone - INFO [drone.py:39] - Drone main - Updating telemetry with input: {'speed': 2, 'altitude': 0, 'movement': 'fwd'}
2025-04-15 10:48:16,005 - drone_simulator.drone - WARNING [drone.py:225] - Drone main - Low battery: 19.0%
2025-04-15 10:48:16,111 - drone_simulator.drone - INFO [drone.py:39] - Drone main - Updating telemetry with input: {'speed': 2, 'altitude': 0, 'movement': 'fwd'}
2025-04-15 10:48:16,111 - drone_simulator.drone - WARNING [drone.py:225] - Drone main - Low battery: 17.2%
2025-04-15 10:48:16,216 - drone_simulator.drone - INFO [drone.py:39] - Drone main - Updating telemetry with input: {'speed': 2, 'altitude': 0, 'movement': 'fwd'}
2025-04-15 10:48:16,216 - drone_simulator.drone - WARNING [drone.py:225] - Drone main - Low battery: 15.4%
2025-04-15 10:48:16,321 - drone_simulator.drone - INFO [drone.py:39] - Drone main - Updating telemetry with input: {'speed': 2, 'altitude': 0, 'movement': 'fwd'}
2025-04-15 10:48:16,321 - drone_simulator.drone - WARNING [drone.py:225] - Drone main - Low battery: 13.6%
2025-04-15 10:48:16,426 - drone_simulator.drone - INFO [drone.py:39] - Drone main - Updating telemetry with input: {'speed': 2, 'altitude': 0, 'movement': 'fwd'}
2025-04-15 10:48:16,426 - drone_simulator.drone - WARNING [drone.py:225] - Drone main - Low battery: 11.8%
2025-04-15 10:48:16,531 - drone_simulator.drone - INFO [drone.py:39] - Drone main - Updating telemetry with input: {'speed': 2, 'altitude': 0, 'movement': 'fwd'}
2025-04-15 10:48:16,531 - drone_simulator.drone - WARNING [drone.py:225] - Drone main - Low battery: 10.0%
2025-04-15 10:48:16,637 - drone_simulator.drone - INFO [drone.py:39] - Drone main - Updating telemetry with input: {'speed': 2, 'altitude': 0, 'movement': 'fwd'}
2025-04-15 10:48:16,637 - drone_simulator.drone - WARNING [drone.py:225] - Drone main - Low battery: 8.2%
2025-04-15 10:48:16,744 - drone_simulator.drone - INFO [drone.py:39] - Drone main - Updating telemetry with input: {'speed': 2, 'altitude': 0, 'movement': 'fwd'}
2025-04-15 10:48:16,744 - drone_simulator.drone - WARNING [drone.py:225] - Drone main - Low battery: 6.4%
2025-04-15 10:48:16,848 - drone_simulator.drone - INFO [drone.py:39] - Drone main - Updating telemetry with input: {'speed': 2, 'altitude': 0, 'movement': 'fwd'}
2025-04-15 10:48:16,848 - drone_simulator.drone - WARNING [drone.py:225] - Drone main - Low battery: 4.6%
2025-04-15 10:48:16,957 - drone_simulator.drone - INFO [drone.py:39] - Drone main - Updating telemetry with input: {'speed': 2, 'altitude': 0, 'movement': 'fwd'}
2025-04-15 10:48:16,957 - drone_simulator.drone - WARNING [drone.py:225] - Drone main - Low battery: 2.8%
2025-04-15 10:48:17,062 - drone_simulator.drone - INFO [drone.py:39] - Drone main - Updating telemetry with input: {'speed': 2, 'altitude': 0, 'movement': 'fwd'}
2025-04-15 10:48:17,116 - drone_simulator.drone - WARNING [drone.py:225] - Drone main - Low battery: 1.0%
2025-04-15 10:48:17,222 - drone_simulator.drone - INFO [drone.py:39] - Drone main - Updating telemetry with input: {'speed': 2, 'altitude': 0, 'movement': 'fwd'}
2025-04-15 10:48:17,224 - drone_simulator.drone - WARNING [drone.py:225] - Drone main - Low battery: 0.0%
2025-04-15 10:48:17,225 - drone_simulator.drone - CRITICAL [drone.py:118] - Drone main - CRASHED: Drone has crashed due to battery depletion.
